<?xml version="1.0" encoding="UTF-8"?>
<testsuite xmlns:xsi="http://www.w3.org/2001/XMLSchema-instance" xsi:noNamespaceSchemaLocation="https://maven.apache.org/surefire/maven-surefire-plugin/xsd/surefire-test-report-3.0.xsd" version="3.0" name="runner.Runner" time="25.184" tests="6" errors="0" skipped="0" failures="0">
  <properties>
[...]
</properties>
  <testcase name="Verify Product Controller Functionalities" classname="Product Controller Functionality" time="6.501">
    <system-out><![CDATA[before run
unitPrice :15.0
Status code: 201
HTTP/1.1 201 
Vary: Origin
Vary: Access-Control-Request-Method
Vary: Access-Control-Request-Headers
X-Content-Type-Options: nosniff
X-XSS-Protection: 1; mode=block
Cache-Control: no-cache, no-store, max-age=0, must-revalidate
Pragma: no-cache
Expires: 0
X-Frame-Options: DENY
Content-Type: application/json
Transfer-Encoding: chunked
Date: Thu, 23 Mar 2023 09:34:22 GMT
Keep-Alive: timeout=60
Connection: keep-alive

{
    "id": 1491,
    "category": {
        "id": 1,
        "categoryName": "MicroTec plant"
    },
    "sku": "DF0098",
    "name": "Beef_Buffolo",
    "description": null,
    "unitPrice": 15,
    "imageUrl": "C:\\Users\\tkhan\\Pictures\\card 2.jpg",
    "active": true,
    "unitsInStock": 80,
    "dateCreated": "2023-03-23T09:34:22.992+00:00",
    "lastUpdated": "2023-03-23T09:34:22.992+00:00"
}
{"id":1,"categoryName":"MicroTec plant"}
unitPrice: 15.0
categoryName MicroTec plant
HTTP/1.1 200 
Vary: Origin
Vary: Access-Control-Request-Method
Vary: Access-Control-Request-Headers
X-Content-Type-Options: nosniff
X-XSS-Protection: 1; mode=block
Cache-Control: no-cache, no-store, max-age=0, must-revalidate
Pragma: no-cache
Expires: 0
X-Frame-Options: DENY
Content-Type: application/json
Transfer-Encoding: chunked
Date: Thu, 23 Mar 2023 09:34:22 GMT
Keep-Alive: timeout=60
Connection: keep-alive

{
    "id": 1491,
    "category": {
        "id": 1,
        "categoryName": "MicroTec plant"
    },
    "sku": "DF0098",
    "name": "Beef_Buffolo",
    "description": null,
    "unitPrice": 15.00,
    "imageUrl": "C:\\Users\\tkhan\\Pictures\\card 2.jpg",
    "active": true,
    "unitsInStock": 80,
    "dateCreated": "2023-03-23T09:34:22.992+00:00",
    "lastUpdated": "2023-03-23T09:34:22.992+00:00"
}
HTTP/1.1 200 
Vary: Origin
Vary: Access-Control-Request-Method
Vary: Access-Control-Request-Headers
X-Content-Type-Options: nosniff
X-XSS-Protection: 1; mode=block
Cache-Control: no-cache, no-store, max-age=0, must-revalidate
Pragma: no-cache
Expires: 0
X-Frame-Options: DENY
Content-Type: application/json
Transfer-Encoding: chunked
Date: Thu, 23 Mar 2023 09:34:24 GMT
Keep-Alive: timeout=60
Connection: keep-alive

{
    "id": 1491,
    "category": {
        "id": 1,
        "categoryName": "MicroTec plant"
    },
    "sku": "DF-009",
    "name": "Purina ONE Beef & Barley",
    "description": "AB_1092",
    "unitPrice": 50.00,
    "imageUrl": "C:\\Users\\Microtecj NA\\Pictures\\istockphoto-1269647099-612x612.jpg",
    "active": true,
    "unitsInStock": 90,
    "dateCreated": "2023-03-23T09:34:22.992+00:00",
    "lastUpdated": "2023-03-23T09:34:24.335+00:00"
}
HTTP/1.1 204 
Vary: Origin
Vary: Access-Control-Request-Method
Vary: Access-Control-Request-Headers
X-Content-Type-Options: nosniff
X-XSS-Protection: 1; mode=block
Cache-Control: no-cache, no-store, max-age=0, must-revalidate
Pragma: no-cache
Expires: 0
X-Frame-Options: DENY
Date: Thu, 23 Mar 2023 09:34:25 GMT
Keep-Alive: timeout=60
Connection: keep-alive
HTTP/1.1 404 
Vary: Origin
Vary: Access-Control-Request-Method
Vary: Access-Control-Request-Headers
X-Content-Type-Options: nosniff
X-XSS-Protection: 1; mode=block
Cache-Control: no-cache, no-store, max-age=0, must-revalidate
Pragma: no-cache
Expires: 0
X-Frame-Options: DENY
Content-Length: 0
Date: Thu, 23 Mar 2023 09:34:25 GMT
Keep-Alive: timeout=60
Connection: keep-alive
after run
]]></system-out>
    <system-err><![CDATA[Mar 23, 2023 4:34:20 AM io.cucumber.core.options.CucumberPropertiesParser parse
WARNING: Passing commandline options via the property `cucumber.options` has been deprecatedin favour of explicitly using property names.
Please use these instead: [cucumber.ansi-colors.disabled, cucumber.execution.dry-run, cucumber.execution.limit, cucumber.execution.order, cucumber.execution.strict, cucumber.execution.wip, cucumber.features, cucumber.filter.name, cucumber.filter.tags, cucumber.glue, cucumber.object-factory, cucumber.plugin, cucumber.snippet-type]
Mar 23, 2023 4:34:20 AM io.cucumber.junit.Cucumber <init>
WARNING: By default Cucumber is running in --non-strict mode.
This default will change to --strict and --non-strict will be removed.
You can use --strict or @CucumberOptions(strict = true) to suppress this warning
SLF4J: Failed to load class "org.slf4j.impl.StaticLoggerBinder".
SLF4J: Defaulting to no-operation (NOP) logger implementation
SLF4J: See http://www.slf4j.org/codes.html#StaticLoggerBinder for further details.
]]></system-err>
  </testcase>
  <testcase name="Verify Product Controller Functionalities" classname="Product Controller Functionality" time="3.501">
    <system-out><![CDATA[before run
unitPrice :6.99
Status code: 201
HTTP/1.1 201 
Vary: Origin
Vary: Access-Control-Request-Method
Vary: Access-Control-Request-Headers
X-Content-Type-Options: nosniff
X-XSS-Protection: 1; mode=block
Cache-Control: no-cache, no-store, max-age=0, must-revalidate
Pragma: no-cache
Expires: 0
X-Frame-Options: DENY
Content-Type: application/json
Transfer-Encoding: chunked
Date: Thu, 23 Mar 2023 09:34:26 GMT
Keep-Alive: timeout=60
Connection: keep-alive

{
    "id": 1492,
    "category": {
        "id": 2,
        "categoryName": "Rose Flowers"
    },
    "sku": "DE1033",
    "name": "Milk",
    "description": null,
    "unitPrice": 6.99,
    "imageUrl": "C:\\Users\\tkhan\\Pictures\\card 2.jpg",
    "active": true,
    "unitsInStock": 60,
    "dateCreated": "2023-03-23T09:34:26.867+00:00",
    "lastUpdated": "2023-03-23T09:34:26.867+00:00"
}
{"id":2,"categoryName":"Rose Flowers"}
unitPrice: 6.99
categoryName Rose Flowers
HTTP/1.1 200 
Vary: Origin
Vary: Access-Control-Request-Method
Vary: Access-Control-Request-Headers
X-Content-Type-Options: nosniff
X-XSS-Protection: 1; mode=block
Cache-Control: no-cache, no-store, max-age=0, must-revalidate
Pragma: no-cache
Expires: 0
X-Frame-Options: DENY
Content-Type: application/json
Transfer-Encoding: chunked
Date: Thu, 23 Mar 2023 09:34:26 GMT
Keep-Alive: timeout=60
Connection: keep-alive

{
    "id": 1492,
    "category": {
        "id": 2,
        "categoryName": "Rose Flowers"
    },
    "sku": "DE1033",
    "name": "Milk",
    "description": null,
    "unitPrice": 6.99,
    "imageUrl": "C:\\Users\\tkhan\\Pictures\\card 2.jpg",
    "active": true,
    "unitsInStock": 60,
    "dateCreated": "2023-03-23T09:34:26.867+00:00",
    "lastUpdated": "2023-03-23T09:34:26.867+00:00"
}
HTTP/1.1 200 
Vary: Origin
Vary: Access-Control-Request-Method
Vary: Access-Control-Request-Headers
X-Content-Type-Options: nosniff
X-XSS-Protection: 1; mode=block
Cache-Control: no-cache, no-store, max-age=0, must-revalidate
Pragma: no-cache
Expires: 0
X-Frame-Options: DENY
Content-Type: application/json
Transfer-Encoding: chunked
Date: Thu, 23 Mar 2023 09:34:28 GMT
Keep-Alive: timeout=60
Connection: keep-alive

{
    "id": 1492,
    "category": {
        "id": 2,
        "categoryName": "Rose Flowers"
    },
    "sku": "DF-009",
    "name": "Fancy Feast Savory",
    "description": "DC_4887",
    "unitPrice": 98.00,
    "imageUrl": "C:\\Users\\Microtecj NA\\Pictures\\istockphoto-1269647099-612x612.jpg",
    "active": true,
    "unitsInStock": 57,
    "dateCreated": "2023-03-23T09:34:26.867+00:00",
    "lastUpdated": "2023-03-23T09:34:28.026+00:00"
}
HTTP/1.1 204 
Vary: Origin
Vary: Access-Control-Request-Method
Vary: Access-Control-Request-Headers
X-Content-Type-Options: nosniff
X-XSS-Protection: 1; mode=block
Cache-Control: no-cache, no-store, max-age=0, must-revalidate
Pragma: no-cache
Expires: 0
X-Frame-Options: DENY
Date: Thu, 23 Mar 2023 09:34:29 GMT
Keep-Alive: timeout=60
Connection: keep-alive
HTTP/1.1 404 
Vary: Origin
Vary: Access-Control-Request-Method
Vary: Access-Control-Request-Headers
X-Content-Type-Options: nosniff
X-XSS-Protection: 1; mode=block
Cache-Control: no-cache, no-store, max-age=0, must-revalidate
Pragma: no-cache
Expires: 0
X-Frame-Options: DENY
Content-Length: 0
Date: Thu, 23 Mar 2023 09:34:29 GMT
Keep-Alive: timeout=60
Connection: keep-alive
after run
]]></system-out>
  </testcase>
  <testcase name="Verify Product Controller Functionalities" classname="Product Controller Functionality" time="3.504">
    <system-out><![CDATA[before run
unitPrice :15.0
Status code: 201
HTTP/1.1 201 
Vary: Origin
Vary: Access-Control-Request-Method
Vary: Access-Control-Request-Headers
X-Content-Type-Options: nosniff
X-XSS-Protection: 1; mode=block
Cache-Control: no-cache, no-store, max-age=0, must-revalidate
Pragma: no-cache
Expires: 0
X-Frame-Options: DENY
Content-Type: application/json
Transfer-Encoding: chunked
Date: Thu, 23 Mar 2023 09:34:30 GMT
Keep-Alive: timeout=60
Connection: keep-alive

{
    "id": 1493,
    "category": {
        "id": 3,
        "categoryName": "Indoor Plants"
    },
    "sku": "DF3098",
    "name": "Dog_Chips",
    "description": null,
    "unitPrice": 15,
    "imageUrl": "C:\\Users\\tkhan\\Pictures\\card 2.jpg",
    "active": true,
    "unitsInStock": 80,
    "dateCreated": "2023-03-23T09:34:30.367+00:00",
    "lastUpdated": "2023-03-23T09:34:30.367+00:00"
}
{"id":3,"categoryName":"Indoor Plants"}
unitPrice: 15.0
categoryName Indoor Plants
HTTP/1.1 200 
Vary: Origin
Vary: Access-Control-Request-Method
Vary: Access-Control-Request-Headers
X-Content-Type-Options: nosniff
X-XSS-Protection: 1; mode=block
Cache-Control: no-cache, no-store, max-age=0, must-revalidate
Pragma: no-cache
Expires: 0
X-Frame-Options: DENY
Content-Type: application/json
Transfer-Encoding: chunked
Date: Thu, 23 Mar 2023 09:34:30 GMT
Keep-Alive: timeout=60
Connection: keep-alive

{
    "id": 1493,
    "category": {
        "id": 3,
        "categoryName": "Indoor Plants"
    },
    "sku": "DF3098",
    "name": "Dog_Chips",
    "description": null,
    "unitPrice": 15.00,
    "imageUrl": "C:\\Users\\tkhan\\Pictures\\card 2.jpg",
    "active": true,
    "unitsInStock": 80,
    "dateCreated": "2023-03-23T09:34:30.367+00:00",
    "lastUpdated": "2023-03-23T09:34:30.367+00:00"
}
HTTP/1.1 200 
Vary: Origin
Vary: Access-Control-Request-Method
Vary: Access-Control-Request-Headers
X-Content-Type-Options: nosniff
X-XSS-Protection: 1; mode=block
Cache-Control: no-cache, no-store, max-age=0, must-revalidate
Pragma: no-cache
Expires: 0
X-Frame-Options: DENY
Content-Type: application/json
Transfer-Encoding: chunked
Date: Thu, 23 Mar 2023 09:34:31 GMT
Keep-Alive: timeout=60
Connection: keep-alive

{
    "id": 1493,
    "category": {
        "id": 3,
        "categoryName": "Indoor Plants"
    },
    "sku": "DF-009",
    "name": "Purina ONE Chicken & Brown",
    "description": "HD_5679",
    "unitPrice": 23.00,
    "imageUrl": "C:\\Users\\Microtecj NA\\Pictures\\istockphoto-1269647099-612x612.jpg",
    "active": true,
    "unitsInStock": 34,
    "dateCreated": "2023-03-23T09:34:30.367+00:00",
    "lastUpdated": "2023-03-23T09:34:31.525+00:00"
}
HTTP/1.1 204 
Vary: Origin
Vary: Access-Control-Request-Method
Vary: Access-Control-Request-Headers
X-Content-Type-Options: nosniff
X-XSS-Protection: 1; mode=block
Cache-Control: no-cache, no-store, max-age=0, must-revalidate
Pragma: no-cache
Expires: 0
X-Frame-Options: DENY
Date: Thu, 23 Mar 2023 09:34:32 GMT
Keep-Alive: timeout=60
Connection: keep-alive
HTTP/1.1 404 
Vary: Origin
Vary: Access-Control-Request-Method
Vary: Access-Control-Request-Headers
X-Content-Type-Options: nosniff
X-XSS-Protection: 1; mode=block
Cache-Control: no-cache, no-store, max-age=0, must-revalidate
Pragma: no-cache
Expires: 0
X-Frame-Options: DENY
Content-Length: 0
Date: Thu, 23 Mar 2023 09:34:32 GMT
Keep-Alive: timeout=60
Connection: keep-alive
after run
]]></system-out>
  </testcase>
  <testcase name="Verify Product Controller Functionalities" classname="Product Controller Functionality" time="3.475">
    <system-out><![CDATA[before run
unitPrice :6.99
Status code: 201
HTTP/1.1 201 
Vary: Origin
Vary: Access-Control-Request-Method
Vary: Access-Control-Request-Headers
X-Content-Type-Options: nosniff
X-XSS-Protection: 1; mode=block
Cache-Control: no-cache, no-store, max-age=0, must-revalidate
Pragma: no-cache
Expires: 0
X-Frame-Options: DENY
Content-Type: application/json
Transfer-Encoding: chunked
Date: Thu, 23 Mar 2023 09:34:33 GMT
Keep-Alive: timeout=60
Connection: keep-alive

{
    "id": 1494,
    "category": {
        "id": 4,
        "categoryName": "Garden Plants"
    },
    "sku": "DE4033",
    "name": "Fry_Fish",
    "description": null,
    "unitPrice": 6.99,
    "imageUrl": "C:\\Users\\tkhan\\Pictures\\card 2.jpg",
    "active": true,
    "unitsInStock": 60,
    "dateCreated": "2023-03-23T09:34:33.866+00:00",
    "lastUpdated": "2023-03-23T09:34:33.866+00:00"
}
{"id":4,"categoryName":"Garden Plants"}
unitPrice: 6.99
categoryName Garden Plants
HTTP/1.1 200 
Vary: Origin
Vary: Access-Control-Request-Method
Vary: Access-Control-Request-Headers
X-Content-Type-Options: nosniff
X-XSS-Protection: 1; mode=block
Cache-Control: no-cache, no-store, max-age=0, must-revalidate
Pragma: no-cache
Expires: 0
X-Frame-Options: DENY
Content-Type: application/json
Transfer-Encoding: chunked
Date: Thu, 23 Mar 2023 09:34:33 GMT
Keep-Alive: timeout=60
Connection: keep-alive

{
    "id": 1494,
    "category": {
        "id": 4,
        "categoryName": "Garden Plants"
    },
    "sku": "DE4033",
    "name": "Fry_Fish",
    "description": null,
    "unitPrice": 6.99,
    "imageUrl": "C:\\Users\\tkhan\\Pictures\\card 2.jpg",
    "active": true,
    "unitsInStock": 60,
    "dateCreated": "2023-03-23T09:34:33.866+00:00",
    "lastUpdated": "2023-03-23T09:34:33.866+00:00"
}
HTTP/1.1 200 
Vary: Origin
Vary: Access-Control-Request-Method
Vary: Access-Control-Request-Headers
X-Content-Type-Options: nosniff
X-XSS-Protection: 1; mode=block
Cache-Control: no-cache, no-store, max-age=0, must-revalidate
Pragma: no-cache
Expires: 0
X-Frame-Options: DENY
Content-Type: application/json
Transfer-Encoding: chunked
Date: Thu, 23 Mar 2023 09:34:35 GMT
Keep-Alive: timeout=60
Connection: keep-alive

{
    "id": 1494,
    "category": {
        "id": 4,
        "categoryName": "Garden Plants"
    },
    "sku": "DF-009",
    "name": "Beef & Crab Flavor",
    "description": "HK_8790",
    "unitPrice": 45.00,
    "imageUrl": "C:\\Users\\Microtecj NA\\Pictures\\istockphoto-1269647099-612x612.jpg",
    "active": true,
    "unitsInStock": 98,
    "dateCreated": "2023-03-23T09:34:33.866+00:00",
    "lastUpdated": "2023-03-23T09:34:35.018+00:00"
}
HTTP/1.1 204 
Vary: Origin
Vary: Access-Control-Request-Method
Vary: Access-Control-Request-Headers
X-Content-Type-Options: nosniff
X-XSS-Protection: 1; mode=block
Cache-Control: no-cache, no-store, max-age=0, must-revalidate
Pragma: no-cache
Expires: 0
X-Frame-Options: DENY
Date: Thu, 23 Mar 2023 09:34:36 GMT
Keep-Alive: timeout=60
Connection: keep-alive
HTTP/1.1 404 
Vary: Origin
Vary: Access-Control-Request-Method
Vary: Access-Control-Request-Headers
X-Content-Type-Options: nosniff
X-XSS-Protection: 1; mode=block
Cache-Control: no-cache, no-store, max-age=0, must-revalidate
Pragma: no-cache
Expires: 0
X-Frame-Options: DENY
Content-Length: 0
Date: Thu, 23 Mar 2023 09:34:36 GMT
Keep-Alive: timeout=60
Connection: keep-alive
after run
]]></system-out>
  </testcase>
  <testcase name="Verify Product Controller Functionalities" classname="Product Controller Functionality" time="3.465">
    <system-out><![CDATA[before run
unitPrice :15.0
Status code: 201
HTTP/1.1 201 
Vary: Origin
Vary: Access-Control-Request-Method
Vary: Access-Control-Request-Headers
X-Content-Type-Options: nosniff
X-XSS-Protection: 1; mode=block
Cache-Control: no-cache, no-store, max-age=0, must-revalidate
Pragma: no-cache
Expires: 0
X-Frame-Options: DENY
Content-Type: application/json
Transfer-Encoding: chunked
Date: Thu, 23 Mar 2023 09:34:37 GMT
Keep-Alive: timeout=60
Connection: keep-alive

{
    "id": 1495,
    "category": {
        "id": 5,
        "categoryName": "Flowering Plants"
    },
    "sku": "DF5098",
    "name": "Beef_Stick",
    "description": null,
    "unitPrice": 15,
    "imageUrl": "C:\\Users\\tkhan\\Pictures\\card 2.jpg",
    "active": true,
    "unitsInStock": 80,
    "dateCreated": "2023-03-23T09:34:37.335+00:00",
    "lastUpdated": "2023-03-23T09:34:37.335+00:00"
}
{"id":5,"categoryName":"Flowering Plants"}
unitPrice: 15.0
categoryName Flowering Plants
HTTP/1.1 200 
Vary: Origin
Vary: Access-Control-Request-Method
Vary: Access-Control-Request-Headers
X-Content-Type-Options: nosniff
X-XSS-Protection: 1; mode=block
Cache-Control: no-cache, no-store, max-age=0, must-revalidate
Pragma: no-cache
Expires: 0
X-Frame-Options: DENY
Content-Type: application/json
Transfer-Encoding: chunked
Date: Thu, 23 Mar 2023 09:34:37 GMT
Keep-Alive: timeout=60
Connection: keep-alive

{
    "id": 1495,
    "category": {
        "id": 5,
        "categoryName": "Flowering Plants"
    },
    "sku": "DF5098",
    "name": "Beef_Stick",
    "description": null,
    "unitPrice": 15.00,
    "imageUrl": "C:\\Users\\tkhan\\Pictures\\card 2.jpg",
    "active": true,
    "unitsInStock": 80,
    "dateCreated": "2023-03-23T09:34:37.335+00:00",
    "lastUpdated": "2023-03-23T09:34:37.335+00:00"
}
HTTP/1.1 200 
Vary: Origin
Vary: Access-Control-Request-Method
Vary: Access-Control-Request-Headers
X-Content-Type-Options: nosniff
X-XSS-Protection: 1; mode=block
Cache-Control: no-cache, no-store, max-age=0, must-revalidate
Pragma: no-cache
Expires: 0
X-Frame-Options: DENY
Content-Type: application/json
Transfer-Encoding: chunked
Date: Thu, 23 Mar 2023 09:34:38 GMT
Keep-Alive: timeout=60
Connection: keep-alive

{
    "id": 1495,
    "category": {
        "id": 5,
        "categoryName": "Flowering Plants"
    },
    "sku": "DF-009",
    "name": "Turkey & Venison",
    "description": "HJ_6749",
    "unitPrice": 45.00,
    "imageUrl": "C:\\Users\\Microtecj NA\\Pictures\\istockphoto-1269647099-612x612.jpg",
    "active": true,
    "unitsInStock": 23,
    "dateCreated": "2023-03-23T09:34:37.335+00:00",
    "lastUpdated": "2023-03-23T09:34:38.498+00:00"
}
HTTP/1.1 204 
Vary: Origin
Vary: Access-Control-Request-Method
Vary: Access-Control-Request-Headers
X-Content-Type-Options: nosniff
X-XSS-Protection: 1; mode=block
Cache-Control: no-cache, no-store, max-age=0, must-revalidate
Pragma: no-cache
Expires: 0
X-Frame-Options: DENY
Date: Thu, 23 Mar 2023 09:34:39 GMT
Keep-Alive: timeout=60
Connection: keep-alive
HTTP/1.1 404 
Vary: Origin
Vary: Access-Control-Request-Method
Vary: Access-Control-Request-Headers
X-Content-Type-Options: nosniff
X-XSS-Protection: 1; mode=block
Cache-Control: no-cache, no-store, max-age=0, must-revalidate
Pragma: no-cache
Expires: 0
X-Frame-Options: DENY
Content-Length: 0
Date: Thu, 23 Mar 2023 09:34:39 GMT
Keep-Alive: timeout=60
Connection: keep-alive
after run
]]></system-out>
  </testcase>
  <testcase name="Verify Product Controller Functionalities" classname="Product Controller Functionality" time="3.496">
    <system-out><![CDATA[before run
unitPrice :6.99
Status code: 201
HTTP/1.1 201 
Vary: Origin
Vary: Access-Control-Request-Method
Vary: Access-Control-Request-Headers
X-Content-Type-Options: nosniff
X-XSS-Protection: 1; mode=block
Cache-Control: no-cache, no-store, max-age=0, must-revalidate
Pragma: no-cache
Expires: 0
X-Frame-Options: DENY
Content-Type: application/json
Transfer-Encoding: chunked
Date: Thu, 23 Mar 2023 09:34:40 GMT
Keep-Alive: timeout=60
Connection: keep-alive

{
    "id": 938,
    "category": {
        "id": 6,
        "categoryName": "Natural Flowers"
    },
    "sku": "DE6033",
    "name": "Chicken_Bone",
    "description": null,
    "unitPrice": 6.99,
    "imageUrl": "C:\\Users\\tkhan\\Pictures\\card 2.jpg",
    "active": true,
    "unitsInStock": 60,
    "dateCreated": "2023-03-22T03:22:11.891+00:00",
    "lastUpdated": "2023-03-23T09:34:40.812+00:00"
}
{"id":6,"categoryName":"Natural Flowers"}
unitPrice: 6.99
categoryName Natural Flowers
HTTP/1.1 200 
Vary: Origin
Vary: Access-Control-Request-Method
Vary: Access-Control-Request-Headers
X-Content-Type-Options: nosniff
X-XSS-Protection: 1; mode=block
Cache-Control: no-cache, no-store, max-age=0, must-revalidate
Pragma: no-cache
Expires: 0
X-Frame-Options: DENY
Content-Type: application/json
Transfer-Encoding: chunked
Date: Thu, 23 Mar 2023 09:34:40 GMT
Keep-Alive: timeout=60
Connection: keep-alive

{
    "id": 938,
    "category": {
        "id": 6,
        "categoryName": "Natural Flowers"
    },
    "sku": "DE6033",
    "name": "Chicken_Bone",
    "description": null,
    "unitPrice": 6.99,
    "imageUrl": "C:\\Users\\tkhan\\Pictures\\card 2.jpg",
    "active": true,
    "unitsInStock": 60,
    "dateCreated": "2023-03-22T03:22:11.891+00:00",
    "lastUpdated": "2023-03-23T09:34:40.812+00:00"
}
HTTP/1.1 200 
Vary: Origin
Vary: Access-Control-Request-Method
Vary: Access-Control-Request-Headers
X-Content-Type-Options: nosniff
X-XSS-Protection: 1; mode=block
Cache-Control: no-cache, no-store, max-age=0, must-revalidate
Pragma: no-cache
Expires: 0
X-Frame-Options: DENY
Content-Type: application/json
Transfer-Encoding: chunked
Date: Thu, 23 Mar 2023 09:34:41 GMT
Keep-Alive: timeout=60
Connection: keep-alive

{
    "id": 938,
    "category": {
        "id": 6,
        "categoryName": "Natural Flowers"
    },
    "sku": "DF-009",
    "name": "Tuna Flavor Cat",
    "description": "HD_7894",
    "unitPrice": 34.00,
    "imageUrl": "C:\\Users\\Microtecj NA\\Pictures\\istockphoto-1269647099-612x612.jpg",
    "active": true,
    "unitsInStock": 34,
    "dateCreated": "2023-03-22T03:22:11.891+00:00",
    "lastUpdated": "2023-03-23T09:34:41.977+00:00"
}
HTTP/1.1 204 
Vary: Origin
Vary: Access-Control-Request-Method
Vary: Access-Control-Request-Headers
X-Content-Type-Options: nosniff
X-XSS-Protection: 1; mode=block
Cache-Control: no-cache, no-store, max-age=0, must-revalidate
Pragma: no-cache
Expires: 0
X-Frame-Options: DENY
Date: Thu, 23 Mar 2023 09:34:43 GMT
Keep-Alive: timeout=60
Connection: keep-alive
HTTP/1.1 404 
Vary: Origin
Vary: Access-Control-Request-Method
Vary: Access-Control-Request-Headers
X-Content-Type-Options: nosniff
X-XSS-Protection: 1; mode=block
Cache-Control: no-cache, no-store, max-age=0, must-revalidate
Pragma: no-cache
Expires: 0
X-Frame-Options: DENY
Content-Length: 0
Date: Thu, 23 Mar 2023 09:34:43 GMT
Keep-Alive: timeout=60
Connection: keep-alive
after run
]]></system-out>
  </testcase>
</testsuite>